TN:
SF:/Users/fanyuan/KTH-ICT-TCOMM/Thesis/Analysis/BTS-ETH-atomic_swaps/src/bts.js
FN:23,(anonymous_0)
FN:36,deployHTLC
FN:47,(anonymous_2)
FN:74,(anonymous_3)
FN:81,(anonymous_4)
FN:88,(anonymous_5)
FN:96,verifyHTLC
FN:102,(anonymous_7)
FN:128,resolveHTLC
FN:132,(anonymous_9)
FN:155,(anonymous_10)
FN:162,(anonymous_11)
FN:168,(anonymous_12)
FN:182,extendHTLC
FN:187,(anonymous_14)
FN:208,(anonymous_15)
FN:215,(anonymous_16)
FN:220,(anonymous_17)
FNF:18
FNH:5
FNDA:2,(anonymous_0)
FNDA:1,deployHTLC
FNDA:1,(anonymous_2)
FNDA:1,(anonymous_3)
FNDA:1,(anonymous_4)
FNDA:0,(anonymous_5)
FNDA:0,verifyHTLC
FNDA:0,(anonymous_7)
FNDA:0,resolveHTLC
FNDA:0,(anonymous_9)
FNDA:0,(anonymous_10)
FNDA:0,(anonymous_11)
FNDA:0,(anonymous_12)
FNDA:0,extendHTLC
FNDA:0,(anonymous_14)
FNDA:0,(anonymous_15)
FNDA:0,(anonymous_16)
FNDA:0,(anonymous_17)
DA:1,2
DA:2,2
DA:3,2
DA:4,2
DA:5,2
DA:6,2
DA:17,2
DA:18,2
DA:19,2
DA:20,2
DA:21,2
DA:22,2
DA:24,2
DA:25,2
DA:38,1
DA:39,1
DA:41,1
DA:42,1
DA:44,1
DA:49,1
DA:51,1
DA:53,1
DA:54,1
DA:56,1
DA:72,1
DA:74,1
DA:76,1
DA:78,1
DA:82,1
DA:84,1
DA:85,1
DA:86,1
DA:89,0
DA:98,0
DA:100,0
DA:104,0
DA:105,0
DA:106,0
DA:107,0
DA:108,0
DA:109,0
DA:110,0
DA:113,0
DA:114,0
DA:115,0
DA:116,0
DA:117,0
DA:119,0
DA:130,0
DA:131,0
DA:134,0
DA:136,0
DA:138,0
DA:140,0
DA:153,0
DA:155,0
DA:157,0
DA:160,0
DA:163,0
DA:164,0
DA:165,0
DA:169,0
DA:183,0
DA:185,0
DA:188,0
DA:190,0
DA:191,0
DA:192,0
DA:194,0
DA:206,0
DA:208,0
DA:209,0
DA:213,0
DA:216,0
DA:217,0
DA:221,0
DA:230,2
LF:77
LH:33
BRF:0
BRH:0
end_of_record
TN:
SF:/Users/fanyuan/KTH-ICT-TCOMM/Thesis/Analysis/BTS-ETH-atomic_swaps/src/btsForEth.js
FN:7,btsForEth
FNF:1
FNH:1
FNDA:1,btsForEth
DA:1,2
DA:2,2
DA:3,2
DA:4,2
DA:5,2
DA:9,1
DA:10,1
DA:11,1
DA:12,1
DA:15,1
DA:16,1
DA:24,1
DA:25,1
DA:26,1
DA:27,1
DA:35,1
DA:36,1
DA:39,1
DA:53,1
DA:54,1
DA:55,1
DA:56,1
DA:57,1
DA:62,1
DA:63,0
DA:64,0
DA:65,0
DA:66,0
DA:74,0
DA:77,0
DA:78,0
DA:80,0
DA:81,0
DA:88,0
DA:89,0
DA:90,0
DA:92,0
DA:93,0
DA:97,2
LF:39
LH:25
BRDA:65,0,0,0
BRDA:65,0,1,0
BRDA:78,1,0,0
BRDA:78,1,1,0
BRF:4
BRH:0
end_of_record
TN:
SF:/Users/fanyuan/KTH-ICT-TCOMM/Thesis/Analysis/BTS-ETH-atomic_swaps/src/eth.js
FN:19,connectAcc
FN:28,(anonymous_1)
FN:33,(anonymous_2)
FN:34,(anonymous_3)
FN:35,(anonymous_4)
FN:36,(anonymous_5)
FN:38,deployHTLC
FN:100,verifyHTLC
FN:128,resolveHTLC
FN:142,(anonymous_9)
FN:144,(anonymous_10)
FN:190,waitForHTLC
FN:196,(anonymous_12)
FN:197,(anonymous_13)
FN:218,refundHTLC
FN:232,(anonymous_15)
FN:234,(anonymous_16)
FNF:17
FNH:3
FNDA:2,connectAcc
FNDA:0,(anonymous_1)
FNDA:0,(anonymous_2)
FNDA:0,(anonymous_3)
FNDA:1,(anonymous_4)
FNDA:0,(anonymous_5)
FNDA:1,deployHTLC
FNDA:0,verifyHTLC
FNDA:0,resolveHTLC
FNDA:0,(anonymous_9)
FNDA:0,(anonymous_10)
FNDA:0,waitForHTLC
FNDA:0,(anonymous_12)
FNDA:0,(anonymous_13)
FNDA:0,refundHTLC
FNDA:0,(anonymous_15)
FNDA:0,(anonymous_16)
DA:1,2
DA:2,2
DA:3,2
DA:4,2
DA:5,2
DA:6,2
DA:7,2
DA:8,2
DA:20,2
DA:21,2
DA:22,2
DA:23,2
DA:24,2
DA:25,2
DA:28,2
DA:29,0
DA:33,2
DA:34,2
DA:35,2
DA:36,2
DA:47,1
DA:48,1
DA:49,1
DA:50,1
DA:51,1
DA:53,1
DA:62,1
DA:64,1
DA:72,0
DA:73,0
DA:74,0
DA:76,0
DA:77,0
DA:78,0
DA:79,0
DA:80,0
DA:82,0
DA:83,0
DA:84,0
DA:85,0
DA:86,0
DA:87,0
DA:88,0
DA:89,0
DA:90,0
DA:91,0
DA:96,0
DA:97,0
DA:101,0
DA:102,0
DA:103,0
DA:104,0
DA:106,0
DA:107,0
DA:109,0
DA:110,0
DA:111,0
DA:112,0
DA:113,0
DA:114,0
DA:115,0
DA:116,0
DA:117,0
DA:118,0
DA:125,0
DA:129,0
DA:130,0
DA:131,0
DA:132,0
DA:134,0
DA:135,0
DA:137,0
DA:138,0
DA:139,0
DA:140,0
DA:141,0
DA:142,0
DA:143,0
DA:144,0
DA:145,0
DA:147,0
DA:148,0
DA:160,0
DA:161,0
DA:164,0
DA:168,0
DA:171,0
DA:178,0
DA:179,0
DA:180,0
DA:181,0
DA:182,0
DA:184,0
DA:185,0
DA:187,0
DA:191,0
DA:192,0
DA:193,0
DA:194,0
DA:196,0
DA:197,0
DA:198,0
DA:199,0
DA:200,0
DA:201,0
DA:202,0
DA:203,0
DA:207,0
DA:208,0
DA:209,0
DA:210,0
DA:211,0
DA:212,0
DA:220,0
DA:221,0
DA:222,0
DA:223,0
DA:225,0
DA:226,0
DA:227,0
DA:228,0
DA:229,0
DA:230,0
DA:232,0
DA:233,0
DA:234,0
DA:235,0
DA:237,0
DA:238,0
DA:242,0
DA:243,0
DA:246,0
DA:251,0
DA:252,0
DA:253,0
DA:254,0
DA:256,0
DA:257,0
DA:258,0
DA:261,2
LF:140
LH:28
BRDA:144,0,0,0
BRDA:203,1,0,0
BRDA:203,1,1,0
BRDA:210,2,0,0
BRDA:210,2,1,0
BRDA:229,3,0,0
BRDA:229,3,1,0
BRDA:234,4,0,0
BRF:8
BRH:0
end_of_record
TN:
SF:/Users/fanyuan/KTH-ICT-TCOMM/Thesis/Analysis/BTS-ETH-atomic_swaps/src/ethForBts.js
FN:5,ethForBts
FN:76,(anonymous_1)
FN:81,(anonymous_2)
FNF:3
FNH:1
FNDA:1,ethForBts
FNDA:0,(anonymous_1)
FNDA:0,(anonymous_2)
DA:1,2
DA:2,2
DA:3,2
DA:15,1
DA:16,1
DA:17,1
DA:20,1
DA:21,1
DA:22,1
DA:23,1
DA:24,1
DA:25,1
DA:28,1
DA:37,1
DA:46,0
DA:49,0
DA:55,0
DA:56,0
DA:57,0
DA:58,0
DA:59,0
DA:67,0
DA:68,0
DA:69,0
DA:70,0
DA:72,0
DA:74,0
DA:77,0
DA:78,0
DA:79,0
DA:82,0
DA:83,0
DA:84,0
DA:90,0
DA:91,0
DA:93,0
DA:96,0
DA:97,0
DA:101,2
LF:39
LH:15
BRDA:58,0,0,0
BRDA:58,0,1,0
BRDA:70,1,0,0
BRDA:70,1,1,0
BRF:4
BRH:0
end_of_record
TN:
SF:/Users/fanyuan/KTH-ICT-TCOMM/Thesis/Analysis/BTS-ETH-atomic_swaps/src/start.js
FN:8,main
FN:35,(anonymous_1)
FN:41,(anonymous_2)
FN:68,(anonymous_3)
FN:73,sleep
FN:74,(anonymous_5)
FNF:6
FNH:3
FNDA:2,main
FNDA:0,(anonymous_1)
FNDA:0,(anonymous_2)
FNDA:0,(anonymous_3)
FNDA:2,sleep
FNDA:2,(anonymous_5)
DA:1,2
DA:2,2
DA:3,2
DA:4,2
DA:5,2
DA:10,2
DA:11,2
DA:12,2
DA:13,2
DA:14,2
DA:15,2
DA:20,2
DA:21,2
DA:23,1
DA:24,0
DA:26,1
DA:27,0
DA:29,0
DA:30,0
DA:31,0
DA:32,0
DA:33,0
DA:34,0
DA:36,0
DA:37,0
DA:38,0
DA:39,0
DA:42,0
DA:43,0
DA:44,0
DA:45,0
DA:47,0
DA:49,0
DA:50,0
DA:51,0
DA:52,0
DA:53,0
DA:54,0
DA:55,0
DA:56,0
DA:58,0
DA:59,0
DA:60,0
DA:61,0
DA:62,0
DA:63,0
DA:65,0
DA:68,2
DA:69,0
DA:70,0
DA:74,2
LF:51
LH:17
BRDA:21,0,0,1
BRDA:21,0,1,1
BRDA:21,0,2,0
BRDA:21,0,3,0
BRDA:21,0,4,0
BRF:5
BRH:2
end_of_record
TN:
SF:/Users/fanyuan/KTH-ICT-TCOMM/Thesis/Analysis/BTS-ETH-atomic_swaps/src/helper/assert.js
FN:4,(anonymous_0)
FNF:1
FNH:0
FNDA:0,(anonymous_0)
DA:1,2
DA:2,2
DA:4,2
DA:5,0
DA:6,0
DA:7,0
DA:8,0
DA:9,0
DA:19,2
LF:9
LH:4
BRDA:2,0,0,2
BRDA:2,0,1,0
BRDA:4,1,0,0
BRDA:5,2,0,0
BRDA:5,2,1,0
BRDA:7,3,0,0
BRDA:7,3,1,0
BRF:7
BRH:1
end_of_record
TN:
SF:/Users/fanyuan/KTH-ICT-TCOMM/Thesis/Analysis/BTS-ETH-atomic_swaps/src/helper/prompt.js
FN:3,prompt
FN:8,(anonymous_1)
FN:8,(anonymous_2)
FNF:3
FNH:3
FNDA:18,prompt
FNDA:18,(anonymous_1)
FNDA:17,(anonymous_2)
DA:1,2
DA:4,18
DA:8,18
DA:9,17
DA:10,17
DA:14,2
LF:6
LH:6
BRF:0
BRH:0
end_of_record
TN:
SF:/Users/fanyuan/KTH-ICT-TCOMM/Thesis/Analysis/BTS-ETH-atomic_swaps/src/helper/utils.js
FN:6,(anonymous_0)
FN:8,(anonymous_1)
FN:14,(anonymous_2)
FN:16,(anonymous_3)
FN:18,(anonymous_4)
FN:27,(anonymous_5)
FN:29,(anonymous_6)
FN:30,(anonymous_7)
FN:31,(anonymous_8)
FN:33,(anonymous_9)
FN:47,(anonymous_10)
FNF:11
FNH:0
FNDA:0,(anonymous_0)
FNDA:0,(anonymous_1)
FNDA:0,(anonymous_2)
FNDA:0,(anonymous_3)
FNDA:0,(anonymous_4)
FNDA:0,(anonymous_5)
FNDA:0,(anonymous_6)
FNDA:0,(anonymous_7)
FNDA:0,(anonymous_8)
FNDA:0,(anonymous_9)
FNDA:0,(anonymous_10)
DA:1,2
DA:6,2
DA:8,2
DA:9,0
DA:14,2
DA:16,2
DA:18,2
DA:19,0
DA:20,0
DA:21,0
DA:27,2
DA:29,2
DA:30,2
DA:31,2
DA:33,2
DA:34,0
DA:47,2
DA:49,2
LF:18
LH:13
BRDA:29,0,0,0
BRF:1
BRH:0
end_of_record
